03.02.2021 15:57:17 - ¿ÒÚÂÓË‰ Ò·ËÚ.  ÓÎË˜ÂÒÚ‚Ó Ó˜ÍÓ‚ = 1.101.. –≠–Ω–µ—Ä–≥–∏—è = 99.
03.02.2021 15:46:26 - –≠–Ω–µ—Ä–≥–∏—è –ø—Ä–∏–±–∞–≤–∏–ª–∞—Å—å –Ω–∞ 5. –≠–Ω–µ—Ä–≥–∏—è = 104.
03.02.2021 15:46:31 - –ê—Å—Ç–µ—Ä–æ–∏–¥ —Å–±–∏—Ç. –ö–æ–ª–∏—á–µ—Å—Ç–≤–æ –æ—á–∫–æ–≤ = 1.
03.02.2021 15:46:32 - –ê—Å—Ç–µ—Ä–æ–∏–¥ —Å–±–∏—Ç. –ö–æ–ª–∏—á–µ—Å—Ç–≤–æ –æ—á–∫–æ–≤ = 2.
03.02.2021 15:46:38 - –≠–Ω–µ—Ä–≥–∏—è —É–±–∞–≤–∏–ª–∞—Å—å –Ω–∞ 5. –≠–Ω–µ—Ä–≥–∏—è = 99.
03.02.2021 15:46:40 - –ê—Å—Ç–µ—Ä–æ–∏–¥ —Å–±–∏—Ç. –ö–æ–ª–∏—á–µ—Å—Ç–≤–æ –æ—á–∫–æ–≤ = 3.
03.02.2021 15:46:44 - –ê—Å—Ç–µ—Ä–æ–∏–¥ —Å–±–∏—Ç. –ö–æ–ª–∏—á–µ—Å—Ç–≤–æ –æ—á–∫–æ–≤ = 4.
03.02.2021 15:50:00 - –ê—Å—Ç–µ—Ä–æ–∏–¥ —Å–±–∏—Ç. –ö–æ–ª–∏—á–µ—Å—Ç–≤–æ –æ—á–∫–æ–≤ = 1.
03.02.2021 15:50:03 - –≠–Ω–µ—Ä–≥–∏—è —É–±–∞–≤–∏–ª–∞—Å—å –Ω–∞ 9. –≠–Ω–µ—Ä–≥–∏—è = 91.
03.02.2021 15:50:04 - –≠–Ω–µ—Ä–≥–∏—è –ø—Ä–∏–±–∞–≤–∏–ª–∞—Å—å –Ω–∞ 7. –≠–Ω–µ—Ä–≥–∏—è = 98.
03.02.2021 15:50:06 - –ê—Å—Ç–µ—Ä–æ–∏–¥ —Å–±–∏—Ç. –ö–æ–ª–∏—á–µ—Å—Ç–≤–æ –æ—á–∫–æ–≤ = 2.
–≠–Ω–µ—Ä–≥–∏—è –ø—Ä–∏–±–∞–≤–∏–ª–∞—Å—å –Ω–∞ 1. –≠–Ω–µ—Ä–≥–∏—è = 101.
–ê—Å—Ç–µ—Ä–æ–∏–¥ —Å–±–∏—Ç. –ö–æ–ª–∏—á–µ—Å—Ç–≤–æ –æ—á–∫–æ–≤ = 1.
–≠–Ω–µ—Ä–≥–∏—è —É–±–∞–≤–∏–ª–∞—Å—å –Ω–∞ 7. –≠–Ω–µ—Ä–≥–∏—è = 94.
–≠–Ω–µ—Ä–≥–∏—è –ø—Ä–∏–±–∞–≤–∏–ª–∞—Å—å –Ω–∞ 1. –≠–Ω–µ—Ä–≥–∏—è = 101.
1
–≠–Ω–µ—Ä–≥–∏—è —É–±–∞–≤–∏–ª–∞—Å—å –Ω–∞ 1. –≠–Ω–µ—Ä–≥–∏—è = 100.
–ê—Å—Ç–µ—Ä–æ–∏–¥ —Å–±–∏—Ç. –ö–æ–ª–∏—á–µ—Å—Ç–≤–æ –æ—á–∫–æ–≤ = 1.
–≠–Ω–µ—Ä–≥–∏—è —É–±–∞–≤–∏–ª–∞—Å—å –Ω–∞ 6. –≠–Ω–µ—Ä–≥–∏—è = 94.
–≠–Ω–µ—Ä–≥–∏—è —É–±–∞–≤–∏–ª–∞—Å—å –Ω–∞ 4. –≠–Ω–µ—Ä–≥–∏—è = 90.
–ê—Å—Ç–µ—Ä–æ–∏–¥ —Å–±–∏—Ç. –ö–æ–ª–∏—á–µ—Å—Ç–≤–æ –æ—á–∫–æ–≤ = 1.
–≠–Ω–µ—Ä–≥–∏—è —É–±–∞–≤–∏–ª–∞—Å—å –Ω–∞ 5. –≠–Ω–µ—Ä–≥–∏—è = 95.
–≠–Ω–µ—Ä–≥–∏—è –ø—Ä–∏–±–∞–≤–∏–ª–∞—Å—å –Ω–∞ 9. –≠–Ω–µ—Ä–≥–∏—è = 104.
–≠–Ω–µ—Ä–≥–∏—è –ø—Ä–∏–±–∞–≤–∏–ª–∞—Å—å –Ω–∞ 2. –≠–Ω–µ—Ä–≥–∏—è = 106.
–≠–Ω–µ—Ä–≥–∏—è —É–±–∞–≤–∏–ª–∞—Å—å –Ω–∞ 7. –≠–Ω–µ—Ä–≥–∏—è = 99.
–≠–Ω–µ—Ä–≥–∏—è —É–±–∞–≤–∏–ª–∞—Å—å –Ω–∞ 8. –≠–Ω–µ—Ä–≥–∏—è = 91.
–≠–Ω–µ—Ä–≥–∏—è —É–±–∞–≤–∏–ª–∞—Å—å –Ω–∞ 6. –≠–Ω–µ—Ä–≥–∏—è = 85.
–≠–Ω–µ—Ä–≥–∏—è –ø—Ä–∏–±–∞–≤–∏–ª–∞—Å—å –Ω–∞ 1. –≠–Ω–µ—Ä–≥–∏—è = 101.–≠–Ω–µ—Ä–≥–∏—è —É–±–∞–≤–∏–ª–∞—Å—å –Ω–∞ 2. –≠–Ω–µ—Ä–≥–∏—è = 99.–≠–Ω–µ—Ä–≥–∏—è —É–±–∞–≤–∏–ª–∞—Å—å –Ω–∞ 5. –≠–Ω–µ—Ä–≥–∏—è = 94.–≠–Ω–µ—Ä–≥–∏—è —É–±–∞–≤–∏–ª–∞—Å—å –Ω–∞ 2. –≠–Ω–µ—Ä–≥–∏—è = 92.–≠–Ω–µ—Ä–≥–∏—è —É–±–∞–≤–∏–ª–∞—Å—å –Ω–∞ 5. –≠–Ω–µ—Ä–≥–∏—è = 87.–≠–Ω–µ—Ä–≥–∏—è —É–±–∞–≤–∏–ª–∞—Å—å –Ω–∞ 7. –≠–Ω–µ—Ä–≥–∏—è = 80.–≠–Ω–µ—Ä–≥–∏—è —É–±–∞–≤–∏–ª–∞—Å—å –Ω–∞ 8. –≠–Ω–µ—Ä–≥–∏—è = 72.–≠–Ω–µ—Ä–≥–∏—è —É–±–∞–≤–∏–ª–∞—Å—å –Ω–∞ 4. –≠–Ω–µ—Ä–≥–∏—è = 68.–≠–Ω–µ—Ä–≥–∏—è –ø—Ä–∏–±–∞–≤–∏–ª–∞—Å—å –Ω–∞ 8. –≠–Ω–µ—Ä–≥–∏—è = 76.–≠–Ω–µ—Ä–≥–∏—è —É–±–∞–≤–∏–ª–∞—Å—å –Ω–∞ 6. –≠–Ω–µ—Ä–≥–∏—è = 70.–≠–Ω–µ—Ä–≥–∏—è –ø—Ä–∏–±–∞–≤–∏–ª–∞—Å—å –Ω–∞ 3. –≠–Ω–µ—Ä–≥–∏—è = 73.–≠–Ω–µ—Ä–≥–∏—è –ø—Ä–∏–±–∞–≤–∏–ª–∞—Å—å –Ω–∞ 9. –≠–Ω–µ—Ä–≥–∏—è = 82.–≠–Ω–µ—Ä–≥–∏—è —É–±–∞–≤–∏–ª–∞—Å—å –Ω–∞ 6. –≠–Ω–µ—Ä–≥–∏—è = 76.–≠–Ω–µ—Ä–≥–∏—è –ø—Ä–∏–±–∞–≤–∏–ª–∞—Å—å –Ω–∞ 4. –≠–Ω–µ—Ä–≥–∏—è = 80.